d:\projekty\programowanie\c++\opengl\openglsolo\bin\intermediates\x64\release\vc142.pdb
d:\projekty\programowanie\c++\opengl\openglsolo\bin\intermediates\x64\release\texture.obj
d:\projekty\programowanie\c++\opengl\openglsolo\bin\intermediates\x64\release\shader.obj
d:\projekty\programowanie\c++\opengl\openglsolo\bin\intermediates\x64\release\objloader.obj
d:\projekty\programowanie\c++\opengl\openglsolo\bin\intermediates\x64\release\main.obj
d:\projekty\programowanie\c++\opengl\openglsolo\bin\intermediates\x64\release\camera.obj
d:\projekty\programowanie\c++\opengl\openglsolo\bin\intermediates\x64\release\model.obj
d:\projekty\programowanie\c++\opengl\openglsolo\bin\intermediates\x64\release\stb_image.obj
d:\projekty\programowanie\c++\opengl\openglsolo\bin\intermediates\x64\release\imgui_impl_opengl3.obj
d:\projekty\programowanie\c++\opengl\openglsolo\bin\intermediates\x64\release\imgui_draw.obj
d:\projekty\programowanie\c++\opengl\openglsolo\bin\intermediates\x64\release\imgui_demo.obj
d:\projekty\programowanie\c++\opengl\openglsolo\bin\intermediates\x64\release\imgui.obj
d:\projekty\programowanie\c++\opengl\openglsolo\bin\intermediates\x64\release\imgui_widgets.obj
d:\projekty\programowanie\c++\opengl\openglsolo\bin\intermediates\x64\release\imgui_tables.obj
d:\projekty\programowanie\c++\opengl\openglsolo\bin\intermediates\x64\release\imgui_impl_glfw.obj
d:\projekty\programowanie\c++\opengl\openglsolo\bin\intermediates\x64\release\material.obj
d:\projekty\programowanie\c++\opengl\openglsolo\bin\intermediates\x64\release\light.obj
d:\projekty\programowanie\c++\opengl\openglsolo\bin\intermediates\x64\release\application.obj
d:\projekty\programowanie\c++\opengl\openglsolo\bin\x64\release\opengl2.exe
d:\projekty\programowanie\c++\opengl\openglsolo\bin\intermediates\x64\release\opengl2.iobj
d:\projekty\programowanie\c++\opengl\openglsolo\bin\x64\release\opengl2.pdb
d:\projekty\programowanie\c++\opengl\openglsolo\bin\intermediates\x64\release\opengl2.ipdb
d:\projekty\programowanie\c++\opengl\openglsolo\bin/x64/release/opengl2.pdb
d:\projekty\programowanie\c++\opengl\openglsolo\bin\intermediates\x64\release\opengl2.tlog\cl.command.1.tlog
d:\projekty\programowanie\c++\opengl\openglsolo\bin\intermediates\x64\release\opengl2.tlog\cl.read.1.tlog
d:\projekty\programowanie\c++\opengl\openglsolo\bin\intermediates\x64\release\opengl2.tlog\cl.write.1.tlog
d:\projekty\programowanie\c++\opengl\openglsolo\bin\intermediates\x64\release\opengl2.tlog\link.command.1.tlog
d:\projekty\programowanie\c++\opengl\openglsolo\bin\intermediates\x64\release\opengl2.tlog\link.read.1.tlog
d:\projekty\programowanie\c++\opengl\openglsolo\bin\intermediates\x64\release\opengl2.tlog\link.write.1.tlog
